<?xml version="1.0" encoding="UTF-8"?>
<testsuite xmlns:xsi="http://www.w3.org/2001/XMLSchema-instance" xsi:noNamespaceSchemaLocation="https://maven.apache.org/surefire/maven-surefire-plugin/xsd/surefire-test-report-3.0.xsd" version="3.0" name="TestSuite" time="4.016" tests="2" errors="0" skipped="0" failures="0">
  <properties>
    <property name="gopherProxySet" value="false"/>
    <property name="awt.toolkit" value="sun.lwawt.macosx.LWCToolkit"/>
    <property name="file.encoding.pkg" value="sun.io"/>
    <property name="java.specification.version" value="1.8"/>
    <property name="sun.cpu.isalist" value=""/>
    <property name="sun.jnu.encoding" value="UTF-8"/>
    <property name="java.class.path" value="/Users/atom4/Desktop/Nirmal/nirwanaSoap/target/test-classes:/Users/atom4/Desktop/Nirmal/nirwanaSoap/target/classes:/Users/atom4/.m2/repository/info/cukes/cucumber-core/1.2.5/cucumber-core-1.2.5.jar:/Users/atom4/.m2/repository/info/cukes/cucumber-html/0.2.3/cucumber-html-0.2.3.jar:/Users/atom4/.m2/repository/info/cukes/cucumber-jvm-deps/1.0.5/cucumber-jvm-deps-1.0.5.jar:/Users/atom4/.m2/repository/info/cukes/cucumber-java/1.2.5/cucumber-java-1.2.5.jar:/Users/atom4/.m2/repository/info/cukes/cucumber-testng/1.2.5/cucumber-testng-1.2.5.jar:/Users/atom4/.m2/repository/info/cukes/gherkin/2.12.2/gherkin-2.12.2.jar:/Users/atom4/.m2/repository/io/rest-assured/rest-assured/4.0.0/rest-assured-4.0.0.jar:/Users/atom4/.m2/repository/org/codehaus/groovy/groovy/2.5.6/groovy-2.5.6.jar:/Users/atom4/.m2/repository/org/codehaus/groovy/groovy-xml/2.5.6/groovy-xml-2.5.6.jar:/Users/atom4/.m2/repository/org/apache/httpcomponents/httpclient/4.5.3/httpclient-4.5.3.jar:/Users/atom4/.m2/repository/org/apache/httpcomponents/httpcore/4.4.6/httpcore-4.4.6.jar:/Users/atom4/.m2/repository/commons-logging/commons-logging/1.2/commons-logging-1.2.jar:/Users/atom4/.m2/repository/commons-codec/commons-codec/1.9/commons-codec-1.9.jar:/Users/atom4/.m2/repository/org/apache/httpcomponents/httpmime/4.5.3/httpmime-4.5.3.jar:/Users/atom4/.m2/repository/org/hamcrest/hamcrest-core/2.1/hamcrest-core-2.1.jar:/Users/atom4/.m2/repository/org/hamcrest/hamcrest/2.1/hamcrest-2.1.jar:/Users/atom4/.m2/repository/org/hamcrest/hamcrest-library/2.1/hamcrest-library-2.1.jar:/Users/atom4/.m2/repository/org/ccil/cowan/tagsoup/tagsoup/1.2.1/tagsoup-1.2.1.jar:/Users/atom4/.m2/repository/io/rest-assured/json-path/4.0.0/json-path-4.0.0.jar:/Users/atom4/.m2/repository/org/codehaus/groovy/groovy-json/2.5.6/groovy-json-2.5.6.jar:/Users/atom4/.m2/repository/io/rest-assured/rest-assured-common/4.0.0/rest-assured-common-4.0.0.jar:/Users/atom4/.m2/repository/io/rest-assured/xml-path/4.0.0/xml-path-4.0.0.jar:/Users/atom4/.m2/repository/javax/xml/bind/jaxb-api/2.2.12/jaxb-api-2.2.12.jar:/Users/atom4/.m2/repository/com/sun/xml/bind/jaxb-osgi/2.2.10/jaxb-osgi-2.2.10.jar:/Users/atom4/.m2/repository/org/apache/sling/org.apache.sling.javax.activation/0.1.0/org.apache.sling.javax.activation-0.1.0.jar:/Users/atom4/.m2/repository/javax/activation/activation/1.1.1/activation-1.1.1.jar:/Users/atom4/.m2/repository/org/testng/testng/6.14.3/testng-6.14.3.jar:/Users/atom4/.m2/repository/com/beust/jcommander/1.72/jcommander-1.72.jar:/Users/atom4/.m2/repository/org/apache-extras/beanshell/bsh/2.0b6/bsh-2.0b6.jar:/Users/atom4/.m2/repository/org/hamcrest/hamcrest-all/1.3/hamcrest-all-1.3.jar:/Users/atom4/.m2/repository/com/jayway/restassured/rest-assured/2.9.0/rest-assured-2.9.0.jar:/Users/atom4/.m2/repository/com/jayway/restassured/json-path/2.9.0/json-path-2.9.0.jar:/Users/atom4/.m2/repository/com/jayway/restassured/rest-assured-common/2.9.0/rest-assured-common-2.9.0.jar:/Users/atom4/.m2/repository/com/jayway/restassured/xml-path/2.9.0/xml-path-2.9.0.jar:/Users/atom4/.m2/repository/com/github/kevinsawicki/http-request/5.3/http-request-5.3.jar:/Users/atom4/.m2/repository/com/fasterxml/jackson/core/jackson-databind/2.9.8/jackson-databind-2.9.8.jar:/Users/atom4/.m2/repository/com/fasterxml/jackson/core/jackson-annotations/2.9.0/jackson-annotations-2.9.0.jar:/Users/atom4/.m2/repository/com/fasterxml/jackson/core/jackson-core/2.9.8/jackson-core-2.9.8.jar:/Users/atom4/.m2/repository/org/seleniumhq/selenium/selenium-java/3.141.59/selenium-java-3.141.59.jar:/Users/atom4/.m2/repository/org/seleniumhq/selenium/selenium-api/3.141.59/selenium-api-3.141.59.jar:/Users/atom4/.m2/repository/org/seleniumhq/selenium/selenium-chrome-driver/3.141.59/selenium-chrome-driver-3.141.59.jar:/Users/atom4/.m2/repository/org/seleniumhq/selenium/selenium-edge-driver/3.141.59/selenium-edge-driver-3.141.59.jar:/Users/atom4/.m2/repository/org/seleniumhq/selenium/selenium-firefox-driver/3.141.59/selenium-firefox-driver-3.141.59.jar:/Users/atom4/.m2/repository/org/seleniumhq/selenium/selenium-ie-driver/3.141.59/selenium-ie-driver-3.141.59.jar:/Users/atom4/.m2/repository/org/seleniumhq/selenium/selenium-opera-driver/3.141.59/selenium-opera-driver-3.141.59.jar:/Users/atom4/.m2/repository/org/seleniumhq/selenium/selenium-remote-driver/3.141.59/selenium-remote-driver-3.141.59.jar:/Users/atom4/.m2/repository/org/seleniumhq/selenium/selenium-safari-driver/3.141.59/selenium-safari-driver-3.141.59.jar:/Users/atom4/.m2/repository/org/seleniumhq/selenium/selenium-support/3.141.59/selenium-support-3.141.59.jar:/Users/atom4/.m2/repository/net/bytebuddy/byte-buddy/1.8.15/byte-buddy-1.8.15.jar:/Users/atom4/.m2/repository/org/apache/commons/commons-exec/1.3/commons-exec-1.3.jar:/Users/atom4/.m2/repository/com/google/guava/guava/25.0-jre/guava-25.0-jre.jar:/Users/atom4/.m2/repository/com/google/code/findbugs/jsr305/1.3.9/jsr305-1.3.9.jar:/Users/atom4/.m2/repository/org/checkerframework/checker-compat-qual/2.0.0/checker-compat-qual-2.0.0.jar:/Users/atom4/.m2/repository/com/google/errorprone/error_prone_annotations/2.1.3/error_prone_annotations-2.1.3.jar:/Users/atom4/.m2/repository/com/google/j2objc/j2objc-annotations/1.1/j2objc-annotations-1.1.jar:/Users/atom4/.m2/repository/org/codehaus/mojo/animal-sniffer-annotations/1.14/animal-sniffer-annotations-1.14.jar:/Users/atom4/.m2/repository/com/squareup/okhttp3/okhttp/3.11.0/okhttp-3.11.0.jar:/Users/atom4/.m2/repository/com/squareup/okio/okio/1.14.0/okio-1.14.0.jar:/Users/atom4/.m2/repository/io/github/bonigarcia/webdrivermanager/3.6.1/webdrivermanager-3.6.1.jar:/Users/atom4/.m2/repository/org/slf4j/slf4j-api/1.7.25/slf4j-api-1.7.25.jar:/Users/atom4/.m2/repository/commons-io/commons-io/2.6/commons-io-2.6.jar:/Users/atom4/.m2/repository/com/google/code/gson/gson/2.8.5/gson-2.8.5.jar:/Users/atom4/.m2/repository/org/apache/commons/commons-lang3/3.8.1/commons-lang3-3.8.1.jar:/Users/atom4/.m2/repository/org/rauschig/jarchivelib/1.0.0/jarchivelib-1.0.0.jar:/Users/atom4/.m2/repository/org/apache/commons/commons-compress/1.18/commons-compress-1.18.jar:/Users/atom4/.m2/repository/org/jsoup/jsoup/1.11.3/jsoup-1.11.3.jar:/Users/atom4/.m2/repository/io/appium/java-client/7.0.0/java-client-7.0.0.jar:/Users/atom4/.m2/repository/cglib/cglib/3.2.8/cglib-3.2.8.jar:/Users/atom4/.m2/repository/org/ow2/asm/asm/6.2.1/asm-6.2.1.jar:/Users/atom4/.m2/repository/org/apache/ant/ant/1.10.3/ant-1.10.3.jar:/Users/atom4/.m2/repository/org/apache/ant/ant-launcher/1.10.3/ant-launcher-1.10.3.jar:/Users/atom4/.m2/repository/commons-validator/commons-validator/1.6/commons-validator-1.6.jar:/Users/atom4/.m2/repository/commons-beanutils/commons-beanutils/1.9.2/commons-beanutils-1.9.2.jar:/Users/atom4/.m2/repository/commons-digester/commons-digester/1.8.1/commons-digester-1.8.1.jar:/Users/atom4/.m2/repository/commons-collections/commons-collections/3.2.2/commons-collections-3.2.2.jar:/Users/atom4/.m2/repository/org/springframework/spring-context/5.1.0.RELEASE/spring-context-5.1.0.RELEASE.jar:/Users/atom4/.m2/repository/org/springframework/spring-aop/5.1.0.RELEASE/spring-aop-5.1.0.RELEASE.jar:/Users/atom4/.m2/repository/org/springframework/spring-expression/5.1.0.RELEASE/spring-expression-5.1.0.RELEASE.jar:/Users/atom4/.m2/repository/org/aspectj/aspectjweaver/1.9.1/aspectjweaver-1.9.1.jar:/Users/atom4/.m2/repository/org/json/json/20180813/json-20180813.jar:/Users/atom4/.m2/repository/com/googlecode/json-simple/json-simple/1.1.1/json-simple-1.1.1.jar:/Users/atom4/.m2/repository/junit/junit/4.10/junit-4.10.jar:/Users/atom4/.m2/repository/au/com/dius/pact-jvm-provider_2.12/3.6.10/pact-jvm-provider_2.12-3.6.10.jar:/Users/atom4/.m2/repository/au/com/dius/pact-jvm-model/3.6.10/pact-jvm-model-3.6.10.jar:/Users/atom4/.m2/repository/com/github/zafarkhaja/java-semver/0.9.0/java-semver-0.9.0.jar:/Users/atom4/.m2/repository/com/amazonaws/aws-java-sdk-s3/1.11.30/aws-java-sdk-s3-1.11.30.jar:/Users/atom4/.m2/repository/com/amazonaws/aws-java-sdk-kms/1.11.30/aws-java-sdk-kms-1.11.30.jar:/Users/atom4/.m2/repository/com/amazonaws/aws-java-sdk-core/1.11.30/aws-java-sdk-core-1.11.30.jar:/Users/atom4/.m2/repository/com/fasterxml/jackson/dataformat/jackson-dataformat-cbor/2.6.6/jackson-dataformat-cbor-2.6.6.jar:/Users/atom4/.m2/repository/joda-time/joda-time/2.8.1/joda-time-2.8.1.jar:/Users/atom4/.m2/repository/com/amazonaws/jmespath-java/1.0/jmespath-java-1.0.jar:/Users/atom4/.m2/repository/org/apache/commons/commons-collections4/4.1/commons-collections4-4.1.jar:/Users/atom4/.m2/repository/com/github/mifmif/generex/1.0.2/generex-1.0.2.jar:/Users/atom4/.m2/repository/javax/mail/mail/1.5.0-b01/mail-1.5.0-b01.jar:/Users/atom4/.m2/repository/org/jetbrains/kotlin/kotlin-reflect/1.3.30/kotlin-reflect-1.3.30.jar:/Users/atom4/.m2/repository/org/jetbrains/kotlin/kotlin-stdlib/1.3.30/kotlin-stdlib-1.3.30.jar:/Users/atom4/.m2/repository/org/jetbrains/kotlin/kotlin-stdlib-common/1.3.30/kotlin-stdlib-common-1.3.30.jar:/Users/atom4/.m2/repository/org/jetbrains/annotations/13.0/annotations-13.0.jar:/Users/atom4/.m2/repository/au/com/dius/pact-jvm-pact-broker/3.6.10/pact-jvm-pact-broker-3.6.10.jar:/Users/atom4/.m2/repository/com/github/salomonbrys/kotson/kotson/2.5.0/kotson-2.5.0.jar:/Users/atom4/.m2/repository/org/dmfs/rfc3986-uri/0.8/rfc3986-uri-0.8.jar:/Users/atom4/.m2/repository/org/dmfs/iterators/1.5/iterators-1.5.jar:/Users/atom4/.m2/repository/org/dmfs/optional/0.3/optional-0.3.jar:/Users/atom4/.m2/repository/io/github/microutils/kotlin-logging/1.4.4/kotlin-logging-1.4.4.jar:/Users/atom4/.m2/repository/au/com/dius/pact-jvm-matchers_2.12/3.6.10/pact-jvm-matchers_2.12-3.6.10.jar:/Users/atom4/.m2/repository/io/gatling/jsonpath_2.12/0.6.10/jsonpath_2.12-0.6.10.jar:/Users/atom4/.m2/repository/org/scala-lang/modules/scala-parser-combinators_2.12/1.0.6/scala-parser-combinators_2.12-1.0.6.jar:/Users/atom4/.m2/repository/com/googlecode/java-diff-utils/diffutils/1.3.0/diffutils-1.3.0.jar:/Users/atom4/.m2/repository/org/scala-lang/modules/scala-xml_2.12/1.0.6/scala-xml_2.12-1.0.6.jar:/Users/atom4/.m2/repository/org/scala-lang/scala-library/2.12.7/scala-library-2.12.7.jar:/Users/atom4/.m2/repository/com/typesafe/scala-logging/scala-logging_2.12/3.7.2/scala-logging_2.12-3.7.2.jar:/Users/atom4/.m2/repository/org/atteo/evo-inflector/1.2.2/evo-inflector-1.2.2.jar:/Users/atom4/.m2/repository/org/fusesource/jansi/jansi/1.17.1/jansi-1.17.1.jar:/Users/atom4/.m2/repository/org/reflections/reflections/0.9.11/reflections-0.9.11.jar:/Users/atom4/.m2/repository/org/javassist/javassist/3.21.0-GA/javassist-3.21.0-GA.jar:/Users/atom4/.m2/repository/au/com/dius/pact-jvm-support/3.6.10/pact-jvm-support-3.6.10.jar:/Users/atom4/.m2/repository/org/jetbrains/kotlin/kotlin-stdlib-jdk8/1.3.30/kotlin-stdlib-jdk8-1.3.30.jar:/Users/atom4/.m2/repository/org/jetbrains/kotlin/kotlin-stdlib-jdk7/1.3.30/kotlin-stdlib-jdk7-1.3.30.jar:/Users/atom4/.m2/repository/org/scala-lang/modules/scala-java8-compat_2.12/0.9.0/scala-java8-compat_2.12-0.9.0.jar:/Users/atom4/.m2/repository/au/com/dius/pact-jvm-consumer-junit_2.12/3.6.10/pact-jvm-consumer-junit_2.12-3.6.10.jar:/Users/atom4/.m2/repository/au/com/dius/pact-jvm-consumer_2.12/3.6.10/pact-jvm-consumer_2.12-3.6.10.jar:/Users/atom4/.m2/repository/dk/brics/automaton/automaton/1.11-8/automaton-1.11-8.jar:/Users/atom4/.m2/repository/io/netty/netty-handler/4.1.30.Final/netty-handler-4.1.30.Final.jar:/Users/atom4/.m2/repository/io/netty/netty-buffer/4.1.30.Final/netty-buffer-4.1.30.Final.jar:/Users/atom4/.m2/repository/io/netty/netty-common/4.1.30.Final/netty-common-4.1.30.Final.jar:/Users/atom4/.m2/repository/io/netty/netty-transport/4.1.30.Final/netty-transport-4.1.30.Final.jar:/Users/atom4/.m2/repository/io/netty/netty-resolver/4.1.30.Final/netty-resolver-4.1.30.Final.jar:/Users/atom4/.m2/repository/io/netty/netty-codec/4.1.30.Final/netty-codec-4.1.30.Final.jar:/Users/atom4/.m2/repository/ws/unfiltered/unfiltered-netty-server_2.12/0.9.1/unfiltered-netty-server_2.12-0.9.1.jar:/Users/atom4/.m2/repository/ws/unfiltered/unfiltered-netty_2.12/0.9.1/unfiltered-netty_2.12-0.9.1.jar:/Users/atom4/.m2/repository/ws/unfiltered/unfiltered_2.12/0.9.1/unfiltered_2.12-0.9.1.jar:/Users/atom4/.m2/repository/io/netty/netty-codec-http/4.1.9.Final/netty-codec-http-4.1.9.Final.jar:/Users/atom4/.m2/repository/ws/unfiltered/unfiltered-util_2.12/0.9.1/unfiltered-util_2.12-0.9.1.jar:/Users/atom4/.m2/repository/org/apache/httpcomponents/fluent-hc/4.5.5/fluent-hc-4.5.5.jar:/Users/atom4/.m2/repository/org/springframework/spring-web/5.1.8.RELEASE/spring-web-5.1.8.RELEASE.jar:/Users/atom4/.m2/repository/org/springframework/spring-beans/5.1.8.RELEASE/spring-beans-5.1.8.RELEASE.jar:/Users/atom4/.m2/repository/org/springframework/spring-core/5.1.8.RELEASE/spring-core-5.1.8.RELEASE.jar:/Users/atom4/.m2/repository/org/springframework/spring-jcl/5.1.8.RELEASE/spring-jcl-5.1.8.RELEASE.jar:"/>
    <property name="java.vm.vendor" value="Oracle Corporation"/>
    <property name="sun.arch.data.model" value="64"/>
    <property name="java.vendor.url" value="http://java.oracle.com/"/>
    <property name="user.timezone" value=""/>
    <property name="java.vm.specification.version" value="1.8"/>
    <property name="os.name" value="Mac OS X"/>
    <property name="user.country" value="IN"/>
    <property name="sun.java.launcher" value="SUN_STANDARD"/>
    <property name="sun.boot.library.path" value="/Library/Java/JavaVirtualMachines/jdk1.8.0_202.jdk/Contents/Home/jre/lib"/>
    <property name="sun.java.command" value="/Users/atom4/Desktop/Nirmal/nirwanaSoap/target/surefire/surefirebooter4969038218175009943.jar /Users/atom4/Desktop/Nirmal/nirwanaSoap/target/surefire 2019-07-09T18-03-28_541-jvmRun1 surefire8028486306618130404tmp surefire_07137630494523931958tmp"/>
    <property name="http.nonProxyHosts" value="local|*.local|169.254/16|*.169.254/16"/>
    <property name="surefire.test.class.path" value="/Users/atom4/Desktop/Nirmal/nirwanaSoap/target/test-classes:/Users/atom4/Desktop/Nirmal/nirwanaSoap/target/classes:/Users/atom4/.m2/repository/info/cukes/cucumber-core/1.2.5/cucumber-core-1.2.5.jar:/Users/atom4/.m2/repository/info/cukes/cucumber-html/0.2.3/cucumber-html-0.2.3.jar:/Users/atom4/.m2/repository/info/cukes/cucumber-jvm-deps/1.0.5/cucumber-jvm-deps-1.0.5.jar:/Users/atom4/.m2/repository/info/cukes/cucumber-java/1.2.5/cucumber-java-1.2.5.jar:/Users/atom4/.m2/repository/info/cukes/cucumber-testng/1.2.5/cucumber-testng-1.2.5.jar:/Users/atom4/.m2/repository/info/cukes/gherkin/2.12.2/gherkin-2.12.2.jar:/Users/atom4/.m2/repository/io/rest-assured/rest-assured/4.0.0/rest-assured-4.0.0.jar:/Users/atom4/.m2/repository/org/codehaus/groovy/groovy/2.5.6/groovy-2.5.6.jar:/Users/atom4/.m2/repository/org/codehaus/groovy/groovy-xml/2.5.6/groovy-xml-2.5.6.jar:/Users/atom4/.m2/repository/org/apache/httpcomponents/httpclient/4.5.3/httpclient-4.5.3.jar:/Users/atom4/.m2/repository/org/apache/httpcomponents/httpcore/4.4.6/httpcore-4.4.6.jar:/Users/atom4/.m2/repository/commons-logging/commons-logging/1.2/commons-logging-1.2.jar:/Users/atom4/.m2/repository/commons-codec/commons-codec/1.9/commons-codec-1.9.jar:/Users/atom4/.m2/repository/org/apache/httpcomponents/httpmime/4.5.3/httpmime-4.5.3.jar:/Users/atom4/.m2/repository/org/hamcrest/hamcrest-core/2.1/hamcrest-core-2.1.jar:/Users/atom4/.m2/repository/org/hamcrest/hamcrest/2.1/hamcrest-2.1.jar:/Users/atom4/.m2/repository/org/hamcrest/hamcrest-library/2.1/hamcrest-library-2.1.jar:/Users/atom4/.m2/repository/org/ccil/cowan/tagsoup/tagsoup/1.2.1/tagsoup-1.2.1.jar:/Users/atom4/.m2/repository/io/rest-assured/json-path/4.0.0/json-path-4.0.0.jar:/Users/atom4/.m2/repository/org/codehaus/groovy/groovy-json/2.5.6/groovy-json-2.5.6.jar:/Users/atom4/.m2/repository/io/rest-assured/rest-assured-common/4.0.0/rest-assured-common-4.0.0.jar:/Users/atom4/.m2/repository/io/rest-assured/xml-path/4.0.0/xml-path-4.0.0.jar:/Users/atom4/.m2/repository/javax/xml/bind/jaxb-api/2.2.12/jaxb-api-2.2.12.jar:/Users/atom4/.m2/repository/com/sun/xml/bind/jaxb-osgi/2.2.10/jaxb-osgi-2.2.10.jar:/Users/atom4/.m2/repository/org/apache/sling/org.apache.sling.javax.activation/0.1.0/org.apache.sling.javax.activation-0.1.0.jar:/Users/atom4/.m2/repository/javax/activation/activation/1.1.1/activation-1.1.1.jar:/Users/atom4/.m2/repository/org/testng/testng/6.14.3/testng-6.14.3.jar:/Users/atom4/.m2/repository/com/beust/jcommander/1.72/jcommander-1.72.jar:/Users/atom4/.m2/repository/org/apache-extras/beanshell/bsh/2.0b6/bsh-2.0b6.jar:/Users/atom4/.m2/repository/org/hamcrest/hamcrest-all/1.3/hamcrest-all-1.3.jar:/Users/atom4/.m2/repository/com/jayway/restassured/rest-assured/2.9.0/rest-assured-2.9.0.jar:/Users/atom4/.m2/repository/com/jayway/restassured/json-path/2.9.0/json-path-2.9.0.jar:/Users/atom4/.m2/repository/com/jayway/restassured/rest-assured-common/2.9.0/rest-assured-common-2.9.0.jar:/Users/atom4/.m2/repository/com/jayway/restassured/xml-path/2.9.0/xml-path-2.9.0.jar:/Users/atom4/.m2/repository/com/github/kevinsawicki/http-request/5.3/http-request-5.3.jar:/Users/atom4/.m2/repository/com/fasterxml/jackson/core/jackson-databind/2.9.8/jackson-databind-2.9.8.jar:/Users/atom4/.m2/repository/com/fasterxml/jackson/core/jackson-annotations/2.9.0/jackson-annotations-2.9.0.jar:/Users/atom4/.m2/repository/com/fasterxml/jackson/core/jackson-core/2.9.8/jackson-core-2.9.8.jar:/Users/atom4/.m2/repository/org/seleniumhq/selenium/selenium-java/3.141.59/selenium-java-3.141.59.jar:/Users/atom4/.m2/repository/org/seleniumhq/selenium/selenium-api/3.141.59/selenium-api-3.141.59.jar:/Users/atom4/.m2/repository/org/seleniumhq/selenium/selenium-chrome-driver/3.141.59/selenium-chrome-driver-3.141.59.jar:/Users/atom4/.m2/repository/org/seleniumhq/selenium/selenium-edge-driver/3.141.59/selenium-edge-driver-3.141.59.jar:/Users/atom4/.m2/repository/org/seleniumhq/selenium/selenium-firefox-driver/3.141.59/selenium-firefox-driver-3.141.59.jar:/Users/atom4/.m2/repository/org/seleniumhq/selenium/selenium-ie-driver/3.141.59/selenium-ie-driver-3.141.59.jar:/Users/atom4/.m2/repository/org/seleniumhq/selenium/selenium-opera-driver/3.141.59/selenium-opera-driver-3.141.59.jar:/Users/atom4/.m2/repository/org/seleniumhq/selenium/selenium-remote-driver/3.141.59/selenium-remote-driver-3.141.59.jar:/Users/atom4/.m2/repository/org/seleniumhq/selenium/selenium-safari-driver/3.141.59/selenium-safari-driver-3.141.59.jar:/Users/atom4/.m2/repository/org/seleniumhq/selenium/selenium-support/3.141.59/selenium-support-3.141.59.jar:/Users/atom4/.m2/repository/net/bytebuddy/byte-buddy/1.8.15/byte-buddy-1.8.15.jar:/Users/atom4/.m2/repository/org/apache/commons/commons-exec/1.3/commons-exec-1.3.jar:/Users/atom4/.m2/repository/com/google/guava/guava/25.0-jre/guava-25.0-jre.jar:/Users/atom4/.m2/repository/com/google/code/findbugs/jsr305/1.3.9/jsr305-1.3.9.jar:/Users/atom4/.m2/repository/org/checkerframework/checker-compat-qual/2.0.0/checker-compat-qual-2.0.0.jar:/Users/atom4/.m2/repository/com/google/errorprone/error_prone_annotations/2.1.3/error_prone_annotations-2.1.3.jar:/Users/atom4/.m2/repository/com/google/j2objc/j2objc-annotations/1.1/j2objc-annotations-1.1.jar:/Users/atom4/.m2/repository/org/codehaus/mojo/animal-sniffer-annotations/1.14/animal-sniffer-annotations-1.14.jar:/Users/atom4/.m2/repository/com/squareup/okhttp3/okhttp/3.11.0/okhttp-3.11.0.jar:/Users/atom4/.m2/repository/com/squareup/okio/okio/1.14.0/okio-1.14.0.jar:/Users/atom4/.m2/repository/io/github/bonigarcia/webdrivermanager/3.6.1/webdrivermanager-3.6.1.jar:/Users/atom4/.m2/repository/org/slf4j/slf4j-api/1.7.25/slf4j-api-1.7.25.jar:/Users/atom4/.m2/repository/commons-io/commons-io/2.6/commons-io-2.6.jar:/Users/atom4/.m2/repository/com/google/code/gson/gson/2.8.5/gson-2.8.5.jar:/Users/atom4/.m2/repository/org/apache/commons/commons-lang3/3.8.1/commons-lang3-3.8.1.jar:/Users/atom4/.m2/repository/org/rauschig/jarchivelib/1.0.0/jarchivelib-1.0.0.jar:/Users/atom4/.m2/repository/org/apache/commons/commons-compress/1.18/commons-compress-1.18.jar:/Users/atom4/.m2/repository/org/jsoup/jsoup/1.11.3/jsoup-1.11.3.jar:/Users/atom4/.m2/repository/io/appium/java-client/7.0.0/java-client-7.0.0.jar:/Users/atom4/.m2/repository/cglib/cglib/3.2.8/cglib-3.2.8.jar:/Users/atom4/.m2/repository/org/ow2/asm/asm/6.2.1/asm-6.2.1.jar:/Users/atom4/.m2/repository/org/apache/ant/ant/1.10.3/ant-1.10.3.jar:/Users/atom4/.m2/repository/org/apache/ant/ant-launcher/1.10.3/ant-launcher-1.10.3.jar:/Users/atom4/.m2/repository/commons-validator/commons-validator/1.6/commons-validator-1.6.jar:/Users/atom4/.m2/repository/commons-beanutils/commons-beanutils/1.9.2/commons-beanutils-1.9.2.jar:/Users/atom4/.m2/repository/commons-digester/commons-digester/1.8.1/commons-digester-1.8.1.jar:/Users/atom4/.m2/repository/commons-collections/commons-collections/3.2.2/commons-collections-3.2.2.jar:/Users/atom4/.m2/repository/org/springframework/spring-context/5.1.0.RELEASE/spring-context-5.1.0.RELEASE.jar:/Users/atom4/.m2/repository/org/springframework/spring-aop/5.1.0.RELEASE/spring-aop-5.1.0.RELEASE.jar:/Users/atom4/.m2/repository/org/springframework/spring-expression/5.1.0.RELEASE/spring-expression-5.1.0.RELEASE.jar:/Users/atom4/.m2/repository/org/aspectj/aspectjweaver/1.9.1/aspectjweaver-1.9.1.jar:/Users/atom4/.m2/repository/org/json/json/20180813/json-20180813.jar:/Users/atom4/.m2/repository/com/googlecode/json-simple/json-simple/1.1.1/json-simple-1.1.1.jar:/Users/atom4/.m2/repository/junit/junit/4.10/junit-4.10.jar:/Users/atom4/.m2/repository/au/com/dius/pact-jvm-provider_2.12/3.6.10/pact-jvm-provider_2.12-3.6.10.jar:/Users/atom4/.m2/repository/au/com/dius/pact-jvm-model/3.6.10/pact-jvm-model-3.6.10.jar:/Users/atom4/.m2/repository/com/github/zafarkhaja/java-semver/0.9.0/java-semver-0.9.0.jar:/Users/atom4/.m2/repository/com/amazonaws/aws-java-sdk-s3/1.11.30/aws-java-sdk-s3-1.11.30.jar:/Users/atom4/.m2/repository/com/amazonaws/aws-java-sdk-kms/1.11.30/aws-java-sdk-kms-1.11.30.jar:/Users/atom4/.m2/repository/com/amazonaws/aws-java-sdk-core/1.11.30/aws-java-sdk-core-1.11.30.jar:/Users/atom4/.m2/repository/com/fasterxml/jackson/dataformat/jackson-dataformat-cbor/2.6.6/jackson-dataformat-cbor-2.6.6.jar:/Users/atom4/.m2/repository/joda-time/joda-time/2.8.1/joda-time-2.8.1.jar:/Users/atom4/.m2/repository/com/amazonaws/jmespath-java/1.0/jmespath-java-1.0.jar:/Users/atom4/.m2/repository/org/apache/commons/commons-collections4/4.1/commons-collections4-4.1.jar:/Users/atom4/.m2/repository/com/github/mifmif/generex/1.0.2/generex-1.0.2.jar:/Users/atom4/.m2/repository/javax/mail/mail/1.5.0-b01/mail-1.5.0-b01.jar:/Users/atom4/.m2/repository/org/jetbrains/kotlin/kotlin-reflect/1.3.30/kotlin-reflect-1.3.30.jar:/Users/atom4/.m2/repository/org/jetbrains/kotlin/kotlin-stdlib/1.3.30/kotlin-stdlib-1.3.30.jar:/Users/atom4/.m2/repository/org/jetbrains/kotlin/kotlin-stdlib-common/1.3.30/kotlin-stdlib-common-1.3.30.jar:/Users/atom4/.m2/repository/org/jetbrains/annotations/13.0/annotations-13.0.jar:/Users/atom4/.m2/repository/au/com/dius/pact-jvm-pact-broker/3.6.10/pact-jvm-pact-broker-3.6.10.jar:/Users/atom4/.m2/repository/com/github/salomonbrys/kotson/kotson/2.5.0/kotson-2.5.0.jar:/Users/atom4/.m2/repository/org/dmfs/rfc3986-uri/0.8/rfc3986-uri-0.8.jar:/Users/atom4/.m2/repository/org/dmfs/iterators/1.5/iterators-1.5.jar:/Users/atom4/.m2/repository/org/dmfs/optional/0.3/optional-0.3.jar:/Users/atom4/.m2/repository/io/github/microutils/kotlin-logging/1.4.4/kotlin-logging-1.4.4.jar:/Users/atom4/.m2/repository/au/com/dius/pact-jvm-matchers_2.12/3.6.10/pact-jvm-matchers_2.12-3.6.10.jar:/Users/atom4/.m2/repository/io/gatling/jsonpath_2.12/0.6.10/jsonpath_2.12-0.6.10.jar:/Users/atom4/.m2/repository/org/scala-lang/modules/scala-parser-combinators_2.12/1.0.6/scala-parser-combinators_2.12-1.0.6.jar:/Users/atom4/.m2/repository/com/googlecode/java-diff-utils/diffutils/1.3.0/diffutils-1.3.0.jar:/Users/atom4/.m2/repository/org/scala-lang/modules/scala-xml_2.12/1.0.6/scala-xml_2.12-1.0.6.jar:/Users/atom4/.m2/repository/org/scala-lang/scala-library/2.12.7/scala-library-2.12.7.jar:/Users/atom4/.m2/repository/com/typesafe/scala-logging/scala-logging_2.12/3.7.2/scala-logging_2.12-3.7.2.jar:/Users/atom4/.m2/repository/org/atteo/evo-inflector/1.2.2/evo-inflector-1.2.2.jar:/Users/atom4/.m2/repository/org/fusesource/jansi/jansi/1.17.1/jansi-1.17.1.jar:/Users/atom4/.m2/repository/org/reflections/reflections/0.9.11/reflections-0.9.11.jar:/Users/atom4/.m2/repository/org/javassist/javassist/3.21.0-GA/javassist-3.21.0-GA.jar:/Users/atom4/.m2/repository/au/com/dius/pact-jvm-support/3.6.10/pact-jvm-support-3.6.10.jar:/Users/atom4/.m2/repository/org/jetbrains/kotlin/kotlin-stdlib-jdk8/1.3.30/kotlin-stdlib-jdk8-1.3.30.jar:/Users/atom4/.m2/repository/org/jetbrains/kotlin/kotlin-stdlib-jdk7/1.3.30/kotlin-stdlib-jdk7-1.3.30.jar:/Users/atom4/.m2/repository/org/scala-lang/modules/scala-java8-compat_2.12/0.9.0/scala-java8-compat_2.12-0.9.0.jar:/Users/atom4/.m2/repository/au/com/dius/pact-jvm-consumer-junit_2.12/3.6.10/pact-jvm-consumer-junit_2.12-3.6.10.jar:/Users/atom4/.m2/repository/au/com/dius/pact-jvm-consumer_2.12/3.6.10/pact-jvm-consumer_2.12-3.6.10.jar:/Users/atom4/.m2/repository/dk/brics/automaton/automaton/1.11-8/automaton-1.11-8.jar:/Users/atom4/.m2/repository/io/netty/netty-handler/4.1.30.Final/netty-handler-4.1.30.Final.jar:/Users/atom4/.m2/repository/io/netty/netty-buffer/4.1.30.Final/netty-buffer-4.1.30.Final.jar:/Users/atom4/.m2/repository/io/netty/netty-common/4.1.30.Final/netty-common-4.1.30.Final.jar:/Users/atom4/.m2/repository/io/netty/netty-transport/4.1.30.Final/netty-transport-4.1.30.Final.jar:/Users/atom4/.m2/repository/io/netty/netty-resolver/4.1.30.Final/netty-resolver-4.1.30.Final.jar:/Users/atom4/.m2/repository/io/netty/netty-codec/4.1.30.Final/netty-codec-4.1.30.Final.jar:/Users/atom4/.m2/repository/ws/unfiltered/unfiltered-netty-server_2.12/0.9.1/unfiltered-netty-server_2.12-0.9.1.jar:/Users/atom4/.m2/repository/ws/unfiltered/unfiltered-netty_2.12/0.9.1/unfiltered-netty_2.12-0.9.1.jar:/Users/atom4/.m2/repository/ws/unfiltered/unfiltered_2.12/0.9.1/unfiltered_2.12-0.9.1.jar:/Users/atom4/.m2/repository/io/netty/netty-codec-http/4.1.9.Final/netty-codec-http-4.1.9.Final.jar:/Users/atom4/.m2/repository/ws/unfiltered/unfiltered-util_2.12/0.9.1/unfiltered-util_2.12-0.9.1.jar:/Users/atom4/.m2/repository/org/apache/httpcomponents/fluent-hc/4.5.5/fluent-hc-4.5.5.jar:/Users/atom4/.m2/repository/org/springframework/spring-web/5.1.8.RELEASE/spring-web-5.1.8.RELEASE.jar:/Users/atom4/.m2/repository/org/springframework/spring-beans/5.1.8.RELEASE/spring-beans-5.1.8.RELEASE.jar:/Users/atom4/.m2/repository/org/springframework/spring-core/5.1.8.RELEASE/spring-core-5.1.8.RELEASE.jar:/Users/atom4/.m2/repository/org/springframework/spring-jcl/5.1.8.RELEASE/spring-jcl-5.1.8.RELEASE.jar:"/>
    <property name="sun.cpu.endian" value="little"/>
    <property name="user.home" value="/Users/atom4"/>
    <property name="user.language" value="en"/>
    <property name="java.specification.vendor" value="Oracle Corporation"/>
    <property name="java.home" value="/Library/Java/JavaVirtualMachines/jdk1.8.0_202.jdk/Contents/Home/jre"/>
    <property name="basedir" value="/Users/atom4/Desktop/Nirmal/nirwanaSoap"/>
    <property name="file.separator" value="/"/>
    <property name="line.separator" value="&#10;"/>
    <property name="java.vm.specification.vendor" value="Oracle Corporation"/>
    <property name="java.specification.name" value="Java Platform API Specification"/>
    <property name="java.awt.graphicsenv" value="sun.awt.CGraphicsEnvironment"/>
    <property name="surefire.real.class.path" value="/Users/atom4/Desktop/Nirmal/nirwanaSoap/target/surefire/surefirebooter4969038218175009943.jar"/>
    <property name="sun.boot.class.path" value="/Library/Java/JavaVirtualMachines/jdk1.8.0_202.jdk/Contents/Home/jre/lib/resources.jar:/Library/Java/JavaVirtualMachines/jdk1.8.0_202.jdk/Contents/Home/jre/lib/rt.jar:/Library/Java/JavaVirtualMachines/jdk1.8.0_202.jdk/Contents/Home/jre/lib/sunrsasign.jar:/Library/Java/JavaVirtualMachines/jdk1.8.0_202.jdk/Contents/Home/jre/lib/jsse.jar:/Library/Java/JavaVirtualMachines/jdk1.8.0_202.jdk/Contents/Home/jre/lib/jce.jar:/Library/Java/JavaVirtualMachines/jdk1.8.0_202.jdk/Contents/Home/jre/lib/charsets.jar:/Library/Java/JavaVirtualMachines/jdk1.8.0_202.jdk/Contents/Home/jre/lib/jfr.jar:/Library/Java/JavaVirtualMachines/jdk1.8.0_202.jdk/Contents/Home/jre/classes"/>
    <property name="sun.management.compiler" value="HotSpot 64-Bit Tiered Compilers"/>
    <property name="ftp.nonProxyHosts" value="local|*.local|169.254/16|*.169.254/16"/>
    <property name="java.runtime.version" value="1.8.0_202-b08"/>
    <property name="user.name" value="atom4"/>
    <property name="path.separator" value=":"/>
    <property name="os.version" value="10.14.4"/>
    <property name="java.endorsed.dirs" value="/Library/Java/JavaVirtualMachines/jdk1.8.0_202.jdk/Contents/Home/jre/lib/endorsed"/>
    <property name="java.runtime.name" value="Java(TM) SE Runtime Environment"/>
    <property name="file.encoding" value="UTF-8"/>
    <property name="java.vm.name" value="Java HotSpot(TM) 64-Bit Server VM"/>
    <property name="localRepository" value="/Users/atom4/.m2/repository"/>
    <property name="java.vendor.url.bug" value="http://bugreport.sun.com/bugreport/"/>
    <property name="java.io.tmpdir" value="/var/folders/jh/nsx8mlwd36qb4ld581kqnmjr0000gn/T/"/>
    <property name="java.version" value="1.8.0_202"/>
    <property name="user.dir" value="/Users/atom4/Desktop/Nirmal/nirwanaSoap"/>
    <property name="os.arch" value="x86_64"/>
    <property name="java.vm.specification.name" value="Java Virtual Machine Specification"/>
    <property name="java.awt.printerjob" value="sun.lwawt.macosx.CPrinterJob"/>
    <property name="sun.os.patch.level" value="unknown"/>
    <property name="java.library.path" value="/Users/atom4/Library/Java/Extensions:/Library/Java/Extensions:/Network/Library/Java/Extensions:/System/Library/Java/Extensions:/usr/lib/java:."/>
    <property name="java.vm.info" value="mixed mode"/>
    <property name="java.vendor" value="Oracle Corporation"/>
    <property name="java.vm.version" value="25.202-b08"/>
    <property name="java.ext.dirs" value="/Users/atom4/Library/Java/Extensions:/Library/Java/JavaVirtualMachines/jdk1.8.0_202.jdk/Contents/Home/jre/lib/ext:/Library/Java/Extensions:/Network/Library/Java/Extensions:/System/Library/Java/Extensions:/usr/lib/java"/>
    <property name="sun.io.unicode.encoding" value="UnicodeBig"/>
    <property name="java.class.version" value="52.0"/>
    <property name="socksNonProxyHosts" value="local|*.local|169.254/16|*.169.254/16"/>
  </properties>
  <testcase name="feature" classname="soap.runner.SoapRunner" time="3.185"/>
  <testcase name="feature" classname="soap.runner.SoapRunner" time="0.026"/>
</testsuite>