<?xml version="1.0" encoding="UTF-8"?>
<!-- Generated by org.testng.reporters.JUnitReportReporter -->
<testsuite skipped="0" hostname="atom04.cignitiglobal.com" name="ios.runner.iOSRunner" tests="1" failures="0" timestamp="09 Jul 2019 12:50:31 GMT" time="15.993" errors="0">
  <testcase name="feature" time="15.993" classname="ios.runner.iOSRunner"/>
</testsuite> <!-- ios.runner.iOSRunner -->
