<?xml version="1.0" encoding="UTF-8"?>
<!-- Generated by org.testng.reporters.JUnitReportReporter -->
<testsuite skipped="0" hostname="atom04.cignitiglobal.com" name="soap.runner.SoapRunner" tests="2" failures="0" timestamp="09 Jul 2019 12:33:33 GMT" time="3.188" errors="0">
  <testcase name="feature" time="3.183" classname="soap.runner.SoapRunner"/>
  <testcase name="feature" time="0.005" classname="soap.runner.SoapRunner"/>
</testsuite> <!-- soap.runner.SoapRunner -->
