<?xml version="1.0" encoding="UTF-8"?>
<!-- Generated by org.testng.reporters.JUnitReportReporter -->
<testsuite skipped="0" hostname="atom04.cignitiglobal.com" name="web.runner.WebRunner" tests="1" failures="0" timestamp="09 Jul 2019 12:57:54 GMT" time="7.366" errors="0">
  <testcase name="feature" time="7.366" classname="web.runner.WebRunner"/>
</testsuite> <!-- web.runner.WebRunner -->
